{"level":"info","message":"server listening at port: "}
{"level":"info","message":"server listening at port: "}
{"level":"info","message":"server listening at port: "}
undefined
undefined
undefined
undefined [undefined] info: server listening at port: 
2020-06-28T09:42:35.513Z [right meow!] info: server listening at port: 
2020-06-28T09:44:30.863Z [right meow!] info: server listening at port: 
2020-06-28T09:44:40.010Z [right meow!] info: server listening at port: 
2020-06-28T09:46:52.923Z [right meow!] [32minfo[39m: server listening at port: 
2020-06-28T09:47:07.865Z [[32minfo[39m] server listening at port: 
2020-06-28T09:47:15.098Z [[32MINFO[39M] server listening at port: 
2020-06-28T09:47:21.207Z [[32minfo[39m] server listening at port: 
2020-06-28T09:47:30.494Z [info] server listening at port: 
2020-06-28T09:47:35.036Z [info] server listening at port: 
12:49:01 GMT+0300 (GMT+03:00) [info] server listening at port: 
12:49:15 [info] server listening at port: 
12:49:21 [info] server listening at port: 
12:49:31 [info] server listening at port: 
[1m12:49:48[22m [info] server listening at port: 
[info] [1m12:50:07[22m  server listening at port: 
[info] [1m12:50:09[22m server listening at port: 
[[36minfo[39m] [1m12:50:29[22m server listening at port: 
[[36mINFO[39m] [1m12:50:33[22m server listening at port: 
[[36mINFO[39m] [1m12:51:07[22m server listening at port: 
[[36mINFO[39m] [1m12:51:45[22m server listening at port: 
[[36mINFO[39m] [1m12:51:55[22m | server listening at port: 
[[36mINFO[39m] [1m12:52:00[22m - server listening at port: 
[[36mINFO[39m [1m12:52:17[22m]  server listening at port: 
[[36mINFO[39m [1m12:52:25[22m] server listening at port: 
[[36mINFO[39m [1m12:52:32[22m] server listening at port: 
[[36mINFO[39m [90m[1m12:52:55[22m[39m] server listening at port: 
 server listening at port: 
 server listening at port: 
 server listening at port: 
 server listening at port: 
[[36minfo[39m [90m[1m13:02:10[22m[39m] server listening at port: 
[[36minfo[39m [90m[1m13:02:50[22m[39m] server listening at port: 
[[36minfo[39m [90m[1m13:03:36[22m[39m] server listening at port: 
[[36minfo[39m [90m[1m13:03:40[22m[39m] server listening at port: 
[[36MINFO[39M [90m[1m13:03:52[22m[39m] server listening at port: 
[[36minfo[39m [90m[1m13:03:58[22m[39m] server listening at port: 
[[36minfo[39m [90m[1m13:04:04[22m[39m] server listening at port: 
[[36minfo[39m [90m[1m13:04:12[22m[39m] server listening at port: 
[[36mINFO[39m [90m[1m13:04:18[22m[39m] server listening at port: 
[[36mINFO[39m [90m[1m13:04:41[22m[39m] server listening at port: 
[[36mINFO[39m [90m[1m13:05:13[22m[39m] server listening at port: 5000
[[36mINFO[39m [90m[1m13:05:26[22m[39m] Server listening at port: 5000
[[36mINFO[39m [90m[1m13:05:51[22m[39m] Server listening at port: 5000
[[36mINFO[39m [90m[1m13:05:58[22m[39m] Server listening at port: 5000
[[31mERROR[39m [90m[1m13:06:02[22m[39m] test request
[[36mINFO[39m [90m[1m13:06:09[22m[39m] Server listening at port: 5000
[[36mINFO[39m [90m[1m13:06:48[22m[39m] Server listening at port: 5000
[[36mINFO[39m [90m[1m13:07:06[22m[39m] Server listening at port: 5000
[[36mWARN[39m [90m[1m13:07:08[22m[39m] test request
[[36mINFO[39m [90m[1m13:07:30[22m[39m] Server listening at port: 5000
[[33mWARN[39m [90m[1m13:07:32[22m[39m] test request
[[36mINFO[39m [90m[1m13:07:43[22m[39m] Server listening at port: 5000
[[36mINFO[39m [90m[1m13:07:51[22m[39m] Server listening at port: 5000
[[36mINFO[39m [90m[1m13:07:55[22m[39m] Server listening at port: 5000
[[36mINFO[39m [90m[1m13:08:06[22m[39m] Server listening at port: 5000
[[36mINFO[39m [90m[1m13:09:57[22m[39m] Server listening at port: 5000
[[36mINFO[39m [90m[1m13:11:07[22m[39m] Server listening at port: 5000
[[36mINFO[39m[90m[1m13:16:25[22m[39m] Server listening at port: 5000
[[36mINFO[39m[90m[1m13:16:46[22m[39m] Server listening at port: 5000
[[36mINFO[39m[90m[1m13:17:02[22m[39m] Server listening at port: 5000
[[36mINFO[39m[90m[1m13:17:53[22m[39m] Server listening at port: 5000
[[36mINFO[39m[90m[1m13:18:25[22m[39m] Server listening at port: 5000
[[36mINFO[39m[90m[1m13:18:39[22m[39m] Server listening at port: 5000
[[36mINFO[39m[90m[1m13:18:42[22m[39m] info message
[[31mERROR[39m [90m[1m13:18:42[22m[39m] error message
[[36mINFO[39m [90m[1m13:19:26[22m[39m] Server listening at port: 5000
[[36mINFO[39m [90m[1m13:19:30[22m[39m] info message
[[31mERROR[39m[90m[1m13:19:30[22m[39m] error message
[[36mINFO[39m  [90m[1m13:19:39[22m[39m] Server listening at port: 5000
[[36mINFO[39m  [90m[1m13:19:43[22m[39m] info message
[[31mERROR[39m [90m[1m13:19:43[22m[39m] error message
[[36mINFO[39m  [90m[1m13:20:04[22m[39m] Server listening at port: 5000
[[36mINFO[39m  [90m[1m13:20:17[22m[39m] info message
[[31mERROR[39m [90m[1m13:20:17[22m[39m] error message
[[36mINFO[39m  [90m[1m13:21:34[22m[39m] Server listening at port: 5000
[[36mINFO[39m  [90m[1m13:22:53[22m[39m] Server listening at port: 5000
[[36mINFO[39m  [90m[1m13:22:59[22m[39m] Server listening at port: [33m5000[39m
[[36mINFO[39m  [90m[1m13:23:49[22m[39m] Сервер запущен на порту: [33m5000[39m
[[36mINFO[39m  [90m[1m13:23:54[22m[39m] Сервер запущен на порту [33m5000[39m
[[36mINFO[39m  [90m[1m13:24:03[22m[39m] Сервер запущен на порту [33m5000[39m
[[36mINFO[39m  [90m[1m13:29:58[22m[39m] Сервер запущен на порту [33m5000[39m
[[36mINFO[39m  [90m[1m13:30:09[22m[39m] Сервер запущен на порту [33m5000[39m
[[36mINFO[39m  [90m[1m13:30:18[22m[39m] Сервер запущен на порту [33m5000[39m
[[36mINFO[39m  [90m[1m13:30:31[22m[39m] Сервер запущен на порту [33m5000[39m
[[36mINFO[39m  [90m[1m13:30:38[22m[39m] Сервер запущен на порту [33m5000[39m
[[36mINFO[39m  [90m[1m13:30:57[22m[39m] Сервер запущен на порту [33m5000[39m
[[36mINFO[39m  [90m[1m13:31:17[22m[39m] Сервер запущен на порту [33m5000[39m
[[36mINFO[39m  [90m[1m13:31:24[22m[39m] info message
[[31mERROR[39m [90m[1m13:31:24[22m[39m] error message
[[36mINFO[39m  [90m[1m13:32:14[22m[39m] Сервер запущен на порту [33m5000[39m
[[36mINFO[39m  [90m[1m13:32:19[22m[39m] info message
[[31mERROR[39m [90m[1m13:32:19[22m[39m] error message
[[36mINFO[39m  [90m[1m13:33:31[22m[39m] Сервер запущен на порту [33m5000[39m
[[36mINFO[39m  [90m[1m13:34:32[22m[39m] Сервер запущен на порту [33m5000[39m
[[36mINFO[39m  [90m[1m13:37:50[22m[39m] Сервер запущен на порту [33m5000[39m
[[36mINFO[39m  [90m[1m13:41:01[22m[39m] Сервер запущен на порту [33m5000[39m
[[36mINFO[39m  [90m[1m13:41:28[22m[39m] Сервер запущен на порту [33m5000[39m
[[36mINFO[39m  [90m[1m13:41:48[22m[39m] Сервер запущен на порту [33m5000[39m
[[36mINFO[39m  [90m[1m13:42:47[22m[39m] Сервер запущен на порту [33m5000[39m
[[36mINFO[39m  [90m[1m13:43:06[22m[39m] Сервер запущен на порту [33m5000[39m
[[36mINFO[39m  [90m[1m13:43:08[22m[39m] Сервер запущен на порту [33m5000[39m
[[36mINFO[39m  [90m[1m13:43:13[22m[39m] Сервер запущен на порту [33m5000[39m
[[36mINFO[39m  [90m[1m13:43:19[22m[39m] Сервер запущен на порту [33m5000[39m
[[36mINFO[39m  [90m[1m13:44:17[22m[39m] Сервер запущен на порту [33m5000[39m
[[36mINFO[39m  [90m[1m13:44:19[22m[39m] Сервер запущен на порту [33m5000[39m
[[36mINFO[39m  [90m[1m13:44:35[22m[39m] Сервер запущен на порту [33m5000[39m
[[36mINFO[39m  [90m[1m13:45:08[22m[39m] Сервер запущен на порту [33m5000[39m
[[36mINFO[39m  [90m[1m13:45:29[22m[39m] Сервер запущен на порту [33m5000[39m
[[36mINFO[39m  [90m[1m13:45:41[22m[39m] Сервер запущен на порту [33m5000[39m
[[36mINFO[39m  [90m[1m13:45:43[22m[39m] Сервер запущен на порту [33m5000[39m
[[36mINFO[39m  [90m[1m13:45:49[22m[39m] info message
[[31mERROR[39m [90m[1m13:45:49[22m[39m] error message
[[36mINFO[39m  [90m[1m13:46:02[22m[39m] Сервер запущен на порту [33m5000[39m
[[36mINFO[39m  [90m[1m13:46:13[22m[39m] Сервер запущен на порту [33m5000[39m
[[36mINFO[39m  [90m[1m13:46:16[22m[39m] info message
[[31mERROR[39m [90m[1m13:46:16[22m[39m] error message
[[36mINFO[39m  [90m[1m13:46:36[22m[39m] Сервер запущен на порту [33m5000[39m
[[36mINFO[39m  [90m[1m13:46:51[22m[39m] Сервер запущен на порту [33m5000[39m
[[36mINFO[39m  [90m[1m13:47:03[22m[39m] Сервер запущен на порту [33m5000[39m
[[36mINFO[39m  [90m[1m13:52:07[22m[39m] Сервер запущен на порту [33m5000[39m
[[36mINFO[39m  [90m[1m13:53:00[22m[39m] Сервер запущен на порту [33m5000[39m
[[36mINFO[39m  [90m[1m13:53:16[22m[39m] Сервер запущен на порту [33m5000[39m
[[36mINFO[39m  [90m[1m13:53:37[22m[39m] Сервер запущен на порту [33m5000[39m
[[36mINFO[39m  [90m[1m13:53:39[22m[39m] Сервер запущен на порту [33m5000[39m
[[36mINFO[39m  [90m[1m13:53:41[22m[39m] Сервер запущен на порту [33m5000[39m
[[36mINFO[39m  [90m[1m13:53:49[22m[39m] Сервер запущен на порту [33m5000[39m
[[36mINFO[39m  [90m[1m13:53:51[22m[39m] Сервер запущен на порту [33m5000[39m
[[36mINFO[39m  [90m[1m13:54:32[22m[39m] Сервер запущен на порту [33m5000[39m
[[36mINFO[39m  [90m[1m13:54:43[22m[39m] Сервер запущен на порту [33m5000[39m
[[36mINFO[39m  [90m[1m13:55:20[22m[39m] Сервер запущен на порту [33m5000[39m
[[36mINFO[39m  [90m[1m13:55:36[22m[39m] Сервер запущен на порту [33m5000[39m
[[36mINFO[39m  [90m[1m13:55:38[22m[39m] Несуществующий путь запроса: /test
[[36mINFO[39m  [90m[1m13:55:52[22m[39m] Сервер запущен на порту [33m5000[39m
[[36mINFO[39m  [90m[1m13:55:58[22m[39m] Несуществующий путь запроса: /test
[[36mINFO[39m  [90m[1m13:56:03[22m[39m] Сервер запущен на порту [33m5000[39m
[[36mINFO[39m  [90m[1m13:56:04[22m[39m] Несуществующий путь запроса: /test
[[36mINFO[39m  [90m[1m13:56:12[22m[39m] Сервер запущен на порту [33m5000[39m
[[36mINFO[39m  [90m[1m13:56:14[22m[39m] Несуществующий путь запроса: /test
[[36mINFO[39m  [90m[1m13:56:48[22m[39m] Сервер запущен на порту [33m5000[39m
[[36mINFO[39m  [90m[1m13:57:25[22m[39m] Сервер запущен на порту [33m5000[39m
[[36mINFO[39m  [90m[1m13:57:31[22m[39m] Сервер запущен на порту [33m5000[39m
[[36mINFO[39m  [90m[1m13:57:38[22m[39m] Сервер запущен на порту [33m5000[39m
[[36mINFO[39m  [90m[1m13:57:50[22m[39m] Сервер запущен на порту [33m5000[39m
[[36mINFO[39m  [90m[1m13:58:03[22m[39m] Сервер запущен на порту [33m5000[39m
[[36mINFO[39m  [90m[1m13:58:08[22m[39m] Несуществующий запрос: [[33m32[39mm/test[39m
[[36mINFO[39m  [90m[1m13:58:14[22m[39m] Сервер запущен на порту [33m5000[39m
[[36mINFO[39m  [90m[1m13:58:23[22m[39m] Сервер запущен на порту [33m5000[39m
[[36mINFO[39m  [90m[1m13:58:26[22m[39m] Несуществующий запрос: [[33m32[39mm/test[39m
[[36mINFO[39m  [90m[1m13:58:39[22m[39m] Сервер запущен на порту [33m5000[39m
[[36mINFO[39m  [90m[1m13:58:42[22m[39m] Несуществующий запрос: /test
[[36mINFO[39m  [90m[1m13:59:07[22m[39m] Сервер запущен на порту [33m5000[39m
[[36mINFO[39m  [90m[1m13:59:52[22m[39m] Сервер запущен на порту [33m5000[39m
[[36mINFO[39m  [90m[1m13:59:55[22m[39m] Несуществующий запрос: /test
[[36mINFO[39m  [90m[1m14:00:04[22m[39m] Сервер запущен на порту [33m5000[39m
[[36mINFO[39m  [90m[1m14:00:06[22m[39m] Несуществующий запрос: /test
[[36mINFO[39m  [90m[1m14:00:19[22m[39m] Несуществующий запрос: /test
[[36mINFO[39m  [90m[1m14:02:14[22m[39m] Сервер запущен на порту [33m5000[39m
[[36mINFO[39m  [90m[1m14:02:17[22m[39m] Несуществующий запрос: /test
[[36mINFO[39m  [90m[1m14:03:41[22m[39m] Сервер запущен на порту [33m5000[39m
[[36mINFO[39m  [90m[1m14:03:46[22m[39m] Несуществующий запрос: [32m/test[39m
[[36mINFO[39m  [90m[1m14:03:51[22m[39m] Сервер запущен на порту [33m5000[39m
[[36mINFO[39m  [90m[1m14:04:08[22m[39m] Сервер запущен на порту [33m5000[39m
[[36mINFO[39m  [90m[1m14:04:10[22m[39m] Несуществующий запрос [32m/test[39m
[[36mINFO[39m  [90m[1m14:14:36[22m[39m] Сервер запущен на порту [33m5000[39m
[[36mINFO[39m  [90m[1m14:14:40[22m[39m] Несуществующий запрос [32m/test[39m
[[36mINFO[39m  [90m[1m14:14:49[22m[39m] Несуществующий запрос [32m/api/test[39m
[[36mINFO[39m  [90m[1m14:15:06[22m[39m] Сервер запущен на порту [33m5000[39m
[[36mINFO[39m  [90m[1m14:15:08[22m[39m] Несуществующий запрос [32m/test[39m
[[36mINFO[39m  [90m[1m14:15:13[22m[39m] Сервер запущен на порту [33m5000[39m
[[36mINFO[39m  [90m[1m14:15:28[22m[39m] Сервер запущен на порту [33m5000[39m
[[36mINFO[39m  [90m[1m14:15:30[22m[39m] Несуществующий API метод [32m/test[39m
[[36mINFO[39m  [90m[1m14:16:00[22m[39m] Сервер запущен на порту [33m5000[39m
[[36mINFO[39m  [90m[1m14:16:03[22m[39m] Несуществующий API метод GET [32m/test[39m
[[36mINFO[39m  [90m[1m14:16:17[22m[39m] Сервер запущен на порту [33m5000[39m
[[36mINFO[39m  [90m[1m14:16:23[22m[39m] Сервер запущен на порту [33m5000[39m
[[36mINFO[39m  [90m[1m14:16:26[22m[39m] Несуществующий метод API GET [32m/test[39m
[[36mINFO[39m  [90m[1m14:16:40[22m[39m] Сервер запущен на порту [33m5000[39m
[[36mINFO[39m  [90m[1m14:16:42[22m[39m] Несуществующий метод API [32m/test[39m
[[36mINFO[39m  [90m[1m14:16:59[22m[39m] Сервер запущен на порту [33m5000[39m
[[36mINFO[39m  [90m[1m14:17:17[22m[39m] Сервер запущен на порту [33m5000[39m
[[36mINFO[39m  [90m[1m14:17:24[22m[39m] Сервер запущен на порту [33m5000[39m
[[36mINFO[39m  [90m[1m14:17:26[22m[39m] API метод [32m/api[39m
[[36mINFO[39m  [90m[1m14:17:32[22m[39m] Сервер запущен на порту [33m5000[39m
[[36mINFO[39m  [90m[1m14:17:33[22m[39m] API метод [32m/api[39m
[[36mINFO[39m  [90m[1m14:17:33[22m[39m] Несуществующий метод API [32m/test[39m
[[36mINFO[39m  [90m[1m14:18:49[22m[39m] Сервер запущен на порту [33m5000[39m
[[36mINFO[39m  [90m[1m14:21:25[22m[39m] Сервер запущен на порту [33m5000[39m
[[36mINFO[39m  [90m[1m14:21:31[22m[39m] Сервер запущен на порту [33m5000[39m
[[36mINFO[39m  [90m[1m14:21:42[22m[39m] Сервер запущен на порту [33m5000[39m
[[36mINFO[39m  [90m[1m14:23:27[22m[39m] Сервер запущен на порту [33m5000[39m
[[36mINFO[39m  [90m[1m14:23:37[22m[39m] Сервер запущен на порту [33m5000[39m
[[36mINFO[39m  [90m[1m14:23:45[22m[39m] Сервер запущен на порту [33m5000[39m
[[36mINFO[39m  [90m[1m14:23:56[22m[39m] API метод [32m/test[39m
[[36mINFO[39m  [90m[1m14:23:56[22m[39m] Несуществующий метод API [32m/test[39m
[[36mINFO[39m  [90m[1m14:24:46[22m[39m] Сервер запущен на порту [33m5000[39m
[[36mINFO[39m  [90m[1m14:25:07[22m[39m] Сервер запущен на порту [33m5000[39m
[[36mINFO[39m  [90m[1m14:25:15[22m[39m] API метод [32m/test/logger[39m
[[36mINFO[39m  [90m[1m14:25:15[22m[39m] info message
[[31mERROR[39m [90m[1m14:25:15[22m[39m] error message
[[36mINFO[39m  [90m[1m14:25:26[22m[39m] API метод [32m/test/error[39m
[[36mINFO[39m  [90m[1m14:26:29[22m[39m] Сервер запущен на порту [33m5000[39m
[[36mINFO[39m  [90m[1m14:26:33[22m[39m] Сервер запущен на порту [33m5000[39m
[[36mINFO[39m  [90m[1m14:26:36[22m[39m] API метод [32m/test/error[39m
[[36mINFO[39m  [90m[1m14:26:48[22m[39m] Сервер запущен на порту [33m5000[39m
[[36mINFO[39m  [90m[1m14:26:49[22m[39m] API метод [32m/test/error[39m
[[36mINFO[39m  [90m[1m14:28:11[22m[39m] Сервер запущен на порту [33m5000[39m
[[36mINFO[39m  [90m[1m14:29:57[22m[39m] Сервер запущен на порту [33m5000[39m
[[36mINFO[39m  [90m[1m14:30:03[22m[39m] API метод [32m/test/error[39m
[[36mINFO[39m  [90m[1m14:31:30[22m[39m] Сервер запущен на порту [33m5000[39m
[[36mINFO[39m  [90m[1m14:32:06[22m[39m] Сервер запущен на порту [33m5000[39m
[[36mINFO[39m  [90m[1m14:32:56[22m[39m] Сервер запущен на порту [33m5000[39m
[[36mINFO[39m  [90m[1m14:33:07[22m[39m] API метод [32m/test/error[39m
[[36mINFO[39m  [90m[1m14:39:45[22m[39m] Сервер запущен на порту [33m5000[39m
[[36mINFO[39m  [90m[1m14:43:45[22m[39m] Сервер запущен на порту [33m5000[39m
[[36mINFO[39m  [90m[1m14:43:50[22m[39m] API метод [32m/test/error[39m
[[36mINFO[39m  [90m[1m14:44:19[22m[39m] Сервер запущен на порту [33m5000[39m
[[36mINFO[39m  [90m[1m14:44:27[22m[39m] Сервер запущен на порту [33m5000[39m
[[36mINFO[39m  [90m[1m14:44:44[22m[39m] Сервер запущен на порту [33m5000[39m
[[36mINFO[39m  [90m[1m14:44:48[22m[39m] API метод [32m/test/error[39m
[[36mINFO[39m  [90m[1m14:44:48[22m[39m] Несуществующий метод API [32m/test/error[39m
[[36mINFO[39m  [90m[1m14:44:52[22m[39m] Сервер запущен на порту [33m5000[39m
[[36mINFO[39m  [90m[1m14:46:42[22m[39m] Сервер запущен на порту [33m5000[39m
[[36mINFO[39m  [90m[1m14:46:45[22m[39m] API метод [32m/test/error[39m
[[36mINFO[39m  [90m[1m14:46:45[22m[39m] Несуществующий метод API [32m/test/error[39m
[[36mINFO[39m  [90m[1m14:47:09[22m[39m] Сервер запущен на порту [33m5000[39m
[[36mINFO[39m  [90m[1m14:47:16[22m[39m] Сервер запущен на порту [33m5000[39m
[[36mINFO[39m  [90m[1m14:47:26[22m[39m] Сервер запущен на порту [33m5000[39m
[[36mINFO[39m  [90m[1m14:47:43[22m[39m] Сервер запущен на порту [33m5000[39m
[[36mINFO[39m  [90m[1m14:47:49[22m[39m] Сервер запущен на порту [33m5000[39m
[[36mINFO[39m  [90m[1m14:47:50[22m[39m] Сервер запущен на порту [33m5000[39m
[[36mINFO[39m  [90m[1m14:48:03[22m[39m] Сервер запущен на порту [33m5000[39m
[[36mINFO[39m  [90m[1m14:48:27[22m[39m] Сервер запущен на порту [33m5000[39m
[[36mINFO[39m  [90m[1m14:48:31[22m[39m] API метод [32m/test/error[39m
[[36mINFO[39m  [90m[1m14:48:31[22m[39m] Несуществующий метод API [32m/test/error[39m
[[36mINFO[39m  [90m[1m14:48:41[22m[39m] API метод [32m/test/error/handled[39m
[[36mINFO[39m  [90m[1m14:48:49[22m[39m] API метод [32m/test/error/unhandled[39m
[[36mINFO[39m  [90m[1m14:48:53[22m[39m] Сервер запущен на порту [33m5000[39m
[[36mINFO[39m  [90m[1m14:51:31[22m[39m] Сервер запущен на порту [33m5000[39m
[[36mINFO[39m  [90m[1m14:51:32[22m[39m] Сервер запущен на порту [33m5000[39m
[[36mINFO[39m  [90m[1m14:51:34[22m[39m] Сервер запущен на порту [33m5000[39m
[[36mINFO[39m  [90m[1m14:51:37[22m[39m] Сервер запущен на порту [33m5000[39m
[[36mINFO[39m  [90m[1m14:52:26[22m[39m] Сервер запущен на порту [33m5000[39m
[[36mINFO[39m  [90m[1m14:53:02[22m[39m] Сервер запущен на порту [33m5000[39m
[[36mINFO[39m  [90m[1m14:53:13[22m[39m] Сервер запущен на порту [33m5000[39m
[[36mINFO[39m  [90m[1m14:53:16[22m[39m] Сервер запущен на порту [33m5000[39m
[[36mINFO[39m  [90m[1m14:53:22[22m[39m] Сервер запущен на порту [33m5000[39m
[[36mINFO[39m  [90m[1m14:53:38[22m[39m] API метод [32m/test/error/unhandled[39m
[[36mINFO[39m  [90m[1m14:53:44[22m[39m] Сервер запущен на порту [33m5000[39m
[[36mINFO[39m  [90m[1m14:53:46[22m[39m] API метод [32m/test/error/unhandled[39m
[[36mINFO[39m  [90m[1m14:54:00[22m[39m] Сервер запущен на порту [33m5000[39m
[[36mINFO[39m  [90m[1m14:54:03[22m[39m] API метод [32m/test/error/unhandled[39m
[[36mINFO[39m  [90m[1m14:56:56[22m[39m] Сервер запущен на порту [33m5000[39m
[[36mINFO[39m  [90m[1m14:57:01[22m[39m] API метод [32m/test/error/unhandled[39m
[[36mINFO[39m  [90m[1m14:57:08[22m[39m] API метод [32m/test/error/d[39m
[[36mINFO[39m  [90m[1m14:57:08[22m[39m] API метод не найден [32m/test/error/d[39m
[[36mINFO[39m  [90m[1m14:57:50[22m[39m] Сервер запущен на порту [33m5000[39m
[[36mINFO[39m  [90m[1m14:57:58[22m[39m] Сервер запущен на порту [33m5000[39m
[[36mINFO[39m  [90m[1m14:58:33[22m[39m] Сервер запущен на порту [33m5000[39m
[[36mINFO[39m  [90m[1m14:58:35[22m[39m] API метод [32m/test/error/d[39m
[[36mINFO[39m  [90m[1m14:58:35[22m[39m] API метод не найден   [32m/test/error/d[39m
[[31mERROR[39m [90m[1m14:58:35[22m[39m] API ошибка Метод не найден
[[36mINFO[39m  [90m[1m14:58:45[22m[39m] Сервер запущен на порту [33m5000[39m
[[36mINFO[39m  [90m[1m14:58:47[22m[39m] API метод [32m/test/error/d[39m
[[36mINFO[39m  [90m[1m14:58:47[22m[39m] API метод не найден   [32m/test/error/d[39m
[[31mERROR[39m [90m[1m14:58:47[22m[39m] API ошибка 'Метод не найден'
[[36mINFO[39m  [90m[1m14:59:57[22m[39m] Сервер запущен на порту [33m5000[39m
[[36mINFO[39m  [90m[1m14:59:59[22m[39m] API метод [32m/test/error/d[39m
[[36mINFO[39m  [90m[1m14:59:59[22m[39m] API метод не найден   [32m/test/error/d[39m
[[31mERROR[39m [90m[1m14:59:59[22m[39m] API ошибка 'method.not_found'
[[36mINFO[39m  [90m[1m15:00:28[22m[39m] Сервер запущен на порту [33m5000[39m
[[36mINFO[39m  [90m[1m15:00:33[22m[39m] Сервер запущен на порту [33m5000[39m
[[36mINFO[39m  [90m[1m15:00:35[22m[39m] API метод [32m/test/error/d[39m
[[36mINFO[39m  [90m[1m15:00:35[22m[39m] API метод не найден   [32m/test/error/d[39m
[[31mERROR[39m [90m[1m15:00:35[22m[39m] API ошибка [33m404[39m 'method.not_found'
[[36mINFO[39m  [90m[1m15:00:49[22m[39m] Сервер запущен на порту [33m5000[39m
[[36mINFO[39m  [90m[1m15:01:48[22m[39m] Сервер запущен на порту [33m5000[39m
[[36mINFO[39m  [90m[1m15:01:50[22m[39m] API метод [32m/test/error/d[39m
[[36mINFO[39m  [90m[1m15:01:50[22m[39m] API метод не найден   [32m/test/error/d[39m
[[31mERROR[39m [90m[1m15:01:50[22m[39m] API ошибка [33m404[39m [32m'method.not_found'[39m
[[36mINFO[39m  [90m[1m15:02:07[22m[39m] API метод [32m/test/error/d[39m
[[36mINFO[39m  [90m[1m15:02:07[22m[39m] API метод не найден   [32m/test/error/d[39m
[[31mERROR[39m [90m[1m15:02:07[22m[39m] API ошибка [33m404[39m [32m'method.not_found'[39m
[[36mINFO[39m  [90m[1m15:02:10[22m[39m] API метод [32m/test/error/d[39m
[[36mINFO[39m  [90m[1m15:02:10[22m[39m] API метод не найден   [32m/test/error/d[39m
[[31mERROR[39m [90m[1m15:02:10[22m[39m] API ошибка [33m404[39m [32m'method.not_found'[39m
[[36mINFO[39m  [90m[1m15:02:20[22m[39m] Сервер запущен на порту [33m5000[39m
[[36mINFO[39m  [90m[1m15:02:57[22m[39m] Сервер запущен на порту [33m5000[39m
[[36mINFO[39m  [90m[1m15:02:59[22m[39m] API метод [32m/test/error/d[39m
[[36mINFO[39m  [90m[1m15:02:59[22m[39m] API метод не найден   [32m/test/error/d[39m
[[31mERROR[39m [90m[1m15:02:59[22m[39m] API ошибка [33m404[39m Имя: [32m'method.not_found'[39m Сообщение: 'Метод не найден'
[[36mINFO[39m  [90m[1m15:03:08[22m[39m] Сервер запущен на порту [33m5000[39m
[[36mINFO[39m  [90m[1m15:05:52[22m[39m] Сервер запущен на порту [33m5000[39m
[[36mINFO[39m  [90m[1m15:05:54[22m[39m] Сервер запущен на порту [33m5000[39m
[[36mINFO[39m  [90m[1m15:05:56[22m[39m] Сервер запущен на порту [33m5000[39m
[[36mINFO[39m  [90m[1m15:05:59[22m[39m] API метод [32m/test/error/d[39m
[[36mINFO[39m  [90m[1m15:05:59[22m[39m] API метод не найден   [32m/test/error/d[39m
[[31mERROR[39m [90m[1m15:05:59[22m[39m] API ошибка [33m404[39m Имя: [32m'method.not_found'[39m
Сообщение: 'Метод не найден'
[[36mINFO[39m  [90m[1m15:06:19[22m[39m] Сервер запущен на порту [33m5000[39m
[[36mINFO[39m  [90m[1m15:06:27[22m[39m] Сервер запущен на порту [33m5000[39m
[[36mINFO[39m  [90m[1m15:06:35[22m[39m] Сервер запущен на порту [33m5000[39m
[[36mINFO[39m  [90m[1m15:06:39[22m[39m] API метод [32m/test/error/d[39m
[[36mINFO[39m  [90m[1m15:06:39[22m[39m] API метод не найден   [32m/test/error/d[39m
[[31mERROR[39m [90m[1m15:06:39[22m[39m] API ошибка [33m404[39m - [32m'method.not_found'[39m
Сообщение: 'Метод не найден'
[[36mINFO[39m  [90m[1m15:06:43[22m[39m] Сервер запущен на порту [33m5000[39m
[[36mINFO[39m  [90m[1m15:06:50[22m[39m] API метод [32m/test/error/d[39m
[[36mINFO[39m  [90m[1m15:06:50[22m[39m] API метод не найден   [32m/test/error/d[39m
[[31mERROR[39m [90m[1m15:06:50[22m[39m] API ошибка [33m404[39m [32m'method.not_found'[39m
Сообщение: 'Метод не найден'
[[36mINFO[39m  [90m[1m15:07:11[22m[39m] Сервер запущен на порту [33m5000[39m
[[36mINFO[39m  [90m[1m15:07:13[22m[39m] API метод [32m/test/error/d[39m
[[36mINFO[39m  [90m[1m15:07:13[22m[39m] API метод не найден   [32m/test/error/d[39m
[[31mERROR[39m [90m[1m15:07:13[22m[39m] API ошибка [33m404[39m [32m'method.not_found'[39m
[object Object]
[[36mINFO[39m  [90m[1m15:07:23[22m[39m] Сервер запущен на порту [33m5000[39m
[[36mINFO[39m  [90m[1m15:07:51[22m[39m] Сервер запущен на порту [33m5000[39m
[[36mINFO[39m  [90m[1m15:08:04[22m[39m] Сервер запущен на порту [33m5000[39m
[[36mINFO[39m  [90m[1m15:08:09[22m[39m] API метод [32m/test/error/d[39m
[[36mINFO[39m  [90m[1m15:08:09[22m[39m] API метод не найден   [32m/test/error/d[39m
[[31mERROR[39m [90m[1m15:08:09[22m[39m] API ошибка [33m404[39m [32m'method.not_found'[39m
{ message: [32m'Метод не найден'[39m, name: [32m'method.not_found'[39m, code: [33m404[39m }
[[36mINFO[39m  [90m[1m15:08:31[22m[39m] Сервер запущен на порту [33m5000[39m
[[36mINFO[39m  [90m[1m15:08:33[22m[39m] API метод [32m/test/error/d[39m
[[36mINFO[39m  [90m[1m15:08:33[22m[39m] API метод не найден   [32m/test/error/d[39m
[[31mERROR[39m [90m[1m15:08:33[22m[39m] API ошибка 
{ message: [[33m32[39mm[32m'Метод не найден'[39m[39m, name: [32m'method.not_found'[39m, code: [33m404[39m }
[[36mINFO[39m  [90m[1m15:08:45[22m[39m] Сервер запущен на порту [33m5000[39m
[[36mINFO[39m  [90m[1m15:08:53[22m[39m] API метод [32m/test/error/d[39m
[[36mINFO[39m  [90m[1m15:08:53[22m[39m] API метод не найден   [32m/test/error/d[39m
[[31mERROR[39m [90m[1m15:08:53[22m[39m] API ошибка 
 { message: [[33m32[39mm[32m'Метод не найден'[39m[39m, name: [32m'method.not_found'[39m, code: [33m404[39m }
[[36mINFO[39m  [90m[1m15:09:02[22m[39m] Сервер запущен на порту [33m5000[39m
[[36mINFO[39m  [90m[1m15:09:05[22m[39m] API метод [32m/test/error/d[39m
[[36mINFO[39m  [90m[1m15:09:05[22m[39m] API метод не найден   [32m/test/error/d[39m
[[31mERROR[39m [90m[1m15:09:05[22m[39m] API ошибка
{ message: [[33m32[39mm[32m'Метод не найден'[39m[39m, name: [32m'method.not_found'[39m, code: [33m404[39m }
[[36mINFO[39m  [90m[1m15:09:16[22m[39m] Сервер запущен на порту [33m5000[39m
[[36mINFO[39m  [90m[1m15:09:18[22m[39m] API метод [32m/test/error/d[39m
[[36mINFO[39m  [90m[1m15:09:18[22m[39m] API метод не найден   [32m/test/error/d[39m
[[31mERROR[39m [90m[1m15:09:18[22m[39m] API ошибка
{ message: [32m'Метод не найден'[39m, name: 'method.not_found', code: [33m404[39m }
[[36mINFO[39m  [90m[1m15:23:31[22m[39m] Сервер запущен на порту [33m5000[39m
[[36mINFO[39m  [90m[1m15:23:42[22m[39m] API метод [32m/test/error/d[39m
[[36mINFO[39m  [90m[1m15:23:42[22m[39m] API метод не найден [32m/test/error/d[39m
[[31mERROR[39m [90m[1m15:23:42[22m[39m] API ошибка
{ message: [32m'Метод не найден'[39m, name: 'method.not_found', code: [33m404[39m }
[[36mINFO[39m  [90m[1m15:27:44[22m[39m] Сервер запущен на порту [33m5000[39m
[[36mINFO[39m  [90m[1m15:28:02[22m[39m] Сервер запущен на порту [33m50[39m 5000
[[36mINFO[39m  [90m[1m15:29:02[22m[39m] Сервер запущен на порту [33m50[39m [33m5000[39m
[[36mINFO[39m  [90m[1m15:29:08[22m[39m] Сервер запущен на порту [33m5000[39m
[[36mINFO[39m  [90m[1m15:29:14[22m[39m] API метод [32m/test/error/d[39m
[[36mINFO[39m  [90m[1m15:29:14[22m[39m] API метод не найден [32m/test/error/d[39m
[[31mERROR[39m [90m[1m15:29:14[22m[39m] API ошибка
{ message: [32m'Метод не найден'[39m, name: [32m'method.not_found'[39m, code: [33m404[39m }
[[36mINFO[39m  [90m[1m15:30:22[22m[39m] Сервер запущен на порту [33m5000[39m
[[36mINFO[39m  [90m[1m15:30:26[22m[39m] API метод [32m/test/error/d[39m
[[36mINFO[39m  [90m[1m15:30:26[22m[39m] API метод не найден [32m/test/error/d[39m
[[31mERROR[39m [90m[1m15:30:26[22m[39m] API ошибка
{ message: [32m'Метод не найден'[39m, name: [32m'method.not_found'[39m, code: [33m404[39m }
[[36mINFO[39m  [90m[1m15:30:52[22m[39m] API метод [32m/test/error/handled[39m
[[31mERROR[39m [90m[1m15:30:52[22m[39m] API ошибка
{ message: [32m'Доступ запрещён'[39m, name: [32m'test.access_denied'[39m, code: [33m403[39m }
[[36mINFO[39m  [90m[1m15:30:58[22m[39m] API метод [32m/test/error/unhandled[39m
[[31mERROR[39m [90m[1m15:30:58[22m[39m] API ошибка
Error: Необработанная ошибка
    at C:\Users\danixoon\Desktop\typizator\src\api\test.ts:[33m20[39m:[33m9[39m
    at Layer.handle [as handle_request] (C:\Users\danixoon\Desktop\typizator\node_modules\express\lib\router\layer.js:[33m95[39m:[33m5[39m)
    at next (C:\Users\danixoon\Desktop\typizator\node_modules\express\lib\router\route.js:[33m137[39m:[33m13[39m)
    at Route.dispatch (C:\Users\danixoon\Desktop\typizator\node_modules\express\lib\router\route.js:[33m112[39m:[33m3[39m)
    at Layer.handle [as handle_request] (C:\Users\danixoon\Desktop\typizator\node_modules\express\lib\router\layer.js:[33m95[39m:[33m5[39m)
    at C:\Users\danixoon\Desktop\typizator\node_modules\express\lib\router\index.js:[33m281[39m:[33m22[39m
    at Function.process_params (C:\Users\danixoon\Desktop\typizator\node_modules\express\lib\router\index.js:[33m335[39m:[33m12[39m)
    at next (C:\Users\danixoon\Desktop\typizator\node_modules\express\lib\router\index.js:[33m275[39m:[33m10[39m)
    at Function.handle (C:\Users\danixoon\Desktop\typizator\node_modules\express\lib\router\index.js:[33m174[39m:[33m3[39m)
    at router (C:\Users\danixoon\Desktop\typizator\node_modules\express\lib\router\index.js:[33m47[39m:[33m12[39m)
[[36mINFO[39m  [90m[1m15:33:34[22m[39m] Сервер запущен на порту [33m5000[39m
[[36mINFO[39m  [90m[1m15:33:57[22m[39m] Сервер запущен на порту [33m5000[39m
[[36mINFO[39m  [90m[1m15:33:58[22m[39m] Сервер запущен на порту [33m5000[39m
[[36mINFO[39m  [90m[1m15:34:01[22m[39m] Сервер запущен на порту [33m5000[39m
[[36mINFO[39m  [90m[1m15:34:30[22m[39m] Сервер запущен на порту [33m5000[39m
[[36mINFO[39m  [90m[1m15:35:05[22m[39m] Сервер запущен на порту [33m5000[39m
[[36mINFO[39m  [90m[1m15:35:18[22m[39m] Сервер запущен на порту [33m5000[39m
[[36mINFO[39m  [90m[1m15:35:22[22m[39m] API метод [32m/test/error/unhandled[39m
[[31mERROR[39m [90m[1m15:35:22[22m[39m] API ошибка
Error: Необработанная ошибка
    at C:\Users\danixoon\Desktop\typizator\src\api\test.ts:[33m20[39m:[33m9[39m
    at Layer.handle [as handle_request] (C:\Users\danixoon\Desktop\typizator\node_modules\express\lib\router\layer.js:[33m95[39m:[33m5[39m)
    at next (C:\Users\danixoon\Desktop\typizator\node_modules\express\lib\router\route.js:[33m137[39m:[33m13[39m)
    at Route.dispatch (C:\Users\danixoon\Desktop\typizator\node_modules\express\lib\router\route.js:[33m112[39m:[33m3[39m)
    at Layer.handle [as handle_request] (C:\Users\danixoon\Desktop\typizator\node_modules\express\lib\router\layer.js:[33m95[39m:[33m5[39m)
    at C:\Users\danixoon\Desktop\typizator\node_modules\express\lib\router\index.js:[33m281[39m:[33m22[39m
    at Function.process_params (C:\Users\danixoon\Desktop\typizator\node_modules\express\lib\router\index.js:[33m335[39m:[33m12[39m)
    at next (C:\Users\danixoon\Desktop\typizator\node_modules\express\lib\router\index.js:[33m275[39m:[33m10[39m)
    at Function.handle (C:\Users\danixoon\Desktop\typizator\node_modules\express\lib\router\index.js:[33m174[39m:[33m3[39m)
    at router (C:\Users\danixoon\Desktop\typizator\node_modules\express\lib\router\index.js:[33m47[39m:[33m12[39m)
[[36mINFO[39m  [90m[1m15:35:31[22m[39m] API метод [32m/test/error[39m
[[36mINFO[39m  [90m[1m15:35:31[22m[39m] API метод не найден [32m/test/error[39m
[[31mERROR[39m [90m[1m15:35:31[22m[39m] API ошибка
{ message: [32m'Метод не найден'[39m, name: [32m'method.not_found'[39m, code: [33m404[39m }
[[36mINFO[39m  [90m[1m15:35:45[22m[39m] API метод [32m/test/logger[39m
[[36mINFO[39m  [90m[1m15:35:45[22m[39m] info message
[[31mERROR[39m [90m[1m15:35:45[22m[39m] error message
